The system is: Windows - 10.0.19018 - AMD64
Compiling the C compiler identification source file "CMakeCCompilerId.c" succeeded.
Compiler: D:/VS2019C/VC/Tools/MSVC/14.23.28105/bin/HostX64/x64/cl.exe 
Build flags: 
Id flags:  

The output was:
0
Microsoft (R) C/C++ Optimizing Compiler Version 19.23.28106.4 for x64
Copyright (C) Microsoft Corporation.  All rights reserved.

CMakeCCompilerId.c
Microsoft (R) Incremental Linker Version 14.23.28106.4
Copyright (C) Microsoft Corporation.  All rights reserved.

/out:CMakeCCompilerId.exe 
CMakeCCompilerId.obj 


Compilation of the C compiler identification source "CMakeCCompilerId.c" produced "CMakeCCompilerId.exe"

Compilation of the C compiler identification source "CMakeCCompilerId.c" produced "CMakeCCompilerId.obj"

The C compiler identification is MSVC, found in "D:/PROJECTS/MOWFILE/out/build/x64-Debug/CMakeFiles/3.15.19080502-MSVC_2/CompilerIdC/CMakeCCompilerId.exe"

Compiling the CXX compiler identification source file "CMakeCXXCompilerId.cpp" succeeded.
Compiler: D:/VS2019C/VC/Tools/MSVC/14.23.28105/bin/HostX64/x64/cl.exe 
Build flags: 
Id flags:  

The output was:
0
Microsoft (R) C/C++ Optimizing Compiler Version 19.23.28106.4 for x64
Copyright (C) Microsoft Corporation.  All rights reserved.

CMakeCXXCompilerId.cpp
Microsoft (R) Incremental Linker Version 14.23.28106.4
Copyright (C) Microsoft Corporation.  All rights reserved.

/out:CMakeCXXCompilerId.exe 
CMakeCXXCompilerId.obj 


Compilation of the CXX compiler identification source "CMakeCXXCompilerId.cpp" produced "CMakeCXXCompilerId.exe"

Compilation of the CXX compiler identification source "CMakeCXXCompilerId.cpp" produced "CMakeCXXCompilerId.obj"

The CXX compiler identification is MSVC, found in "D:/PROJECTS/MOWFILE/out/build/x64-Debug/CMakeFiles/3.15.19080502-MSVC_2/CompilerIdCXX/CMakeCXXCompilerId.exe"

Determining if the C compiler works passed with the following output:
Change Dir: D:/PROJECTS/MOWFILE/out/build/x64-Debug/CMakeFiles/CMakeTmp

Run Build Command(s):D:\VS2019C\COMMON7\IDE\COMMONEXTENSIONS\MICROSOFT\CMAKE\Ninja\ninja.exe cmTC_0bb9c && [1/2] Building C object CMakeFiles\cmTC_0bb9c.dir\testCCompiler.c.obj
[2/2] Linking C executable cmTC_0bb9c.exe



Detecting C compiler ABI info compiled with the following output:
Change Dir: D:/PROJECTS/MOWFILE/out/build/x64-Debug/CMakeFiles/CMakeTmp

Run Build Command(s):D:\VS2019C\COMMON7\IDE\COMMONEXTENSIONS\MICROSOFT\CMAKE\Ninja\ninja.exe cmTC_6b087 && [1/2] Building C object CMakeFiles\cmTC_6b087.dir\CMakeCCompilerABI.c.obj
[2/2] Linking C executable cmTC_6b087.exe



Determining if the CXX compiler works passed with the following output:
Change Dir: D:/PROJECTS/MOWFILE/out/build/x64-Debug/CMakeFiles/CMakeTmp

Run Build Command(s):D:\VS2019C\COMMON7\IDE\COMMONEXTENSIONS\MICROSOFT\CMAKE\Ninja\ninja.exe cmTC_efca4 && [1/2] Building CXX object CMakeFiles\cmTC_efca4.dir\testCXXCompiler.cxx.obj
[2/2] Linking CXX executable cmTC_efca4.exe



Detecting CXX compiler ABI info compiled with the following output:
Change Dir: D:/PROJECTS/MOWFILE/out/build/x64-Debug/CMakeFiles/CMakeTmp

Run Build Command(s):D:\VS2019C\COMMON7\IDE\COMMONEXTENSIONS\MICROSOFT\CMAKE\Ninja\ninja.exe cmTC_59044 && [1/2] Building CXX object CMakeFiles\cmTC_59044.dir\CMakeCXXCompilerABI.cpp.obj
[2/2] Linking CXX executable cmTC_59044.exe



